<?xml version="1.0" encoding="UTF-8"?>
<!-- Generated by org.testng.reporters.JUnitReportReporter -->
<testsuite hostname="DESKTOP-7QNSL67" name="DataProviderPackage.Sample2" tests="5" failures="0" timestamp="5 Jul 2021 02:21:40 GMT" time="0.014" errors="0">
  <testcase name="Test" time="0.000" classname="DataProviderPackage.Sample2"/>
  <testcase name="Test" time="0.001" classname="DataProviderPackage.Sample2"/>
  <testcase name="Test" time="0.010" classname="DataProviderPackage.Sample2"/>
  <testcase name="Test" time="0.001" classname="DataProviderPackage.Sample2"/>
  <testcase name="Test" time="0.002" classname="DataProviderPackage.Sample2"/>
</testsuite> <!-- DataProviderPackage.Sample2 -->
