<?xml version="1.0" encoding="UTF-8"?>
<!-- Generated by org.testng.reporters.JUnitReportReporter -->
<testsuite hostname="DESKTOP-7QNSL67" name="DataProviderPackage.Sample" tests="5" failures="0" timestamp="4 Jul 2021 06:03:47 GMT" time="0.011" errors="0">
  <testcase name="Test" time="0.000" classname="DataProviderPackage.Sample"/>
  <testcase name="Test" time="0.001" classname="DataProviderPackage.Sample"/>
  <testcase name="Test" time="0.008" classname="DataProviderPackage.Sample"/>
  <testcase name="Test" time="0.001" classname="DataProviderPackage.Sample"/>
  <testcase name="Test" time="0.001" classname="DataProviderPackage.Sample"/>
</testsuite> <!-- DataProviderPackage.Sample -->
