<?xml version="1.0" encoding="UTF-8"?>
<!-- Generated by org.testng.reporters.JUnitReportReporter -->
<testsuite hostname="DESKTOP-7QNSL67" name="MouseHover.MouseHovering" tests="1" failures="0" timestamp="2 Jul 2021 16:06:45 GMT" time="7.408" errors="0">
  <testcase name="MouseHover" time="7.408" classname="MouseHover.MouseHovering"/>
</testsuite> <!-- MouseHover.MouseHovering -->
