<?xml version="1.0" encoding="UTF-8"?>
<!-- Generated by org.testng.reporters.JUnitReportReporter -->
<testsuite hostname="DESKTOP-7QNSL67" name="Scrolling.ScrollIntoView" tests="1" failures="0" timestamp="2 Jul 2021 16:01:01 GMT" time="5.063" errors="0">
  <testcase name="ScrollIntoView" time="5.063" classname="Scrolling.ScrollIntoView"/>
</testsuite> <!-- Scrolling.ScrollIntoView -->
