<?xml version="1.0" encoding="UTF-8"?>
<!-- Generated by org.testng.reporters.JUnitReportReporter -->
<testsuite hostname="DESKTOP-7QNSL67" name="BaseClasses.BrowserOpen" tests="1" failures="0" timestamp="6 Jul 2021 11:49:50 GMT" time="13.695" errors="0">
  <testcase name="OpenBrowser" time="13.695" classname="BaseClasses.BrowserOpen"/>
</testsuite> <!-- BaseClasses.BrowserOpen -->
