<?xml version="1.0" encoding="UTF-8"?>
<!-- Generated by org.testng.reporters.JUnitReportReporter -->
<testsuite hostname="DESKTOP-7QNSL67" name="Scrolling.ScrollBy" tests="1" failures="0" timestamp="2 Jul 2021 15:58:45 GMT" time="0.050" errors="0">
  <testcase name="ScrollBy" time="0.050" classname="Scrolling.ScrollBy"/>
</testsuite> <!-- Scrolling.ScrollBy -->
