<?xml version="1.0" encoding="UTF-8"?>
<!-- Generated by org.testng.reporters.JUnitReportReporter -->
<testsuite hostname="DESKTOP-7QNSL67" name="JavaScriptExecutor.JavaScriptExecutorMethods" tests="1" failures="0" timestamp="2 Jul 2021 16:18:27 GMT" time="4.261" errors="0">
  <testcase name="Methods" time="4.261" classname="JavaScriptExecutor.JavaScriptExecutorMethods"/>
</testsuite> <!-- JavaScriptExecutor.JavaScriptExecutorMethods -->
