<?xml version="1.0" encoding="UTF-8"?>
<!-- Generated by org.testng.reporters.JUnitReportReporter -->
<testsuite hostname="DESKTOP-7QNSL67" name="WindowHandles.WindowHandles" tests="1" failures="0" timestamp="2 Jul 2021 16:55:43 GMT" time="3.550" errors="0">
  <testcase name="WindowHandle" time="3.550" classname="WindowHandles.WindowHandles"/>
</testsuite> <!-- WindowHandles.WindowHandles -->
