<?xml version="1.0" encoding="UTF-8"?>
<!-- Generated by org.testng.reporters.JUnitReportReporter -->
<testsuite hostname="DESKTOP-7QNSL67" name="Alerts.HandleAlerts" tests="1" failures="0" timestamp="2 Jul 2021 16:58:39 GMT" time="0.234" errors="0">
  <testcase name="HandleAlerts" time="0.234" classname="Alerts.HandleAlerts"/>
</testsuite> <!-- Alerts.HandleAlerts -->
