<?xml version="1.0" encoding="UTF-8"?>
<!-- Generated by org.testng.reporters.JUnitReportReporter -->
<testsuite hostname="DESKTOP-7QNSL67" name="RerunFailedTestCases.RerunFailedTestCases" tests="1" failures="0" timestamp="6 Jul 2021 09:26:35 GMT" time="0.088" errors="0">
  <testcase name="Rerun" time="0.088" classname="RerunFailedTestCases.RerunFailedTestCases"/>
</testsuite> <!-- RerunFailedTestCases.RerunFailedTestCases -->
