<?xml version="1.0" encoding="UTF-8"?>
<!-- Generated by org.testng.reporters.JUnitReportReporter -->
<testsuite hostname="DESKTOP-7QNSL67" name="Log4j.GenerateLogs" tests="1" failures="0" timestamp="6 Jul 2021 09:22:55 GMT" time="0.385" errors="0">
  <testcase name="GenLog4j" time="0.385" classname="Log4j.GenerateLogs"/>
</testsuite> <!-- Log4j.GenerateLogs -->
