<?xml version="1.0" encoding="UTF-8"?>
<!-- Generated by org.testng.reporters.JUnitReportReporter -->
<testsuite hostname="DESKTOP-7QNSL67" name="iFrames.iFrames" tests="1" failures="0" timestamp="2 Jul 2021 16:45:13 GMT" time="3.195" errors="0">
  <testcase name="iFramesControl" time="3.195" classname="iFrames.iFrames"/>
</testsuite> <!-- iFrames.iFrames -->
