<?xml version="1.0" encoding="UTF-8"?>
<!-- Generated by org.testng.reporters.JUnitReportReporter -->
<testsuite hostname="DESKTOP-7QNSL67" name="ExcelSheets.Excels" tests="1" failures="0" timestamp="5 Jul 2021 02:27:58 GMT" time="1.203" errors="0">
  <testcase name="ExcelData" time="1.203" classname="ExcelSheets.Excels"/>
</testsuite> <!-- ExcelSheets.Excels -->
