<?xml version="1.0" encoding="UTF-8"?>
<!-- Generated by org.testng.reporters.JUnitReportReporter -->
<testsuite hostname="DESKTOP-7QNSL67" name="RerunFailedTestCases.Tests" tests="4" failures="0" timestamp="6 Jul 2021 09:29:09 GMT" time="0.016" errors="0">
  <testcase name="Test4" time="0.001" classname="RerunFailedTestCases.Tests"/>
  <testcase name="Test1" time="0.013" classname="RerunFailedTestCases.Tests"/>
  <testcase name="Test2" time="0.001" classname="RerunFailedTestCases.Tests"/>
  <testcase name="Test3" time="0.001" classname="RerunFailedTestCases.Tests"/>
</testsuite> <!-- RerunFailedTestCases.Tests -->
