<?xml version="1.0" encoding="UTF-8"?>
<!-- Generated by org.testng.reporters.JUnitReportReporter -->
<testsuite hostname="DESKTOP-7QNSL67" name="Highlight.HighLightElements" tests="1" failures="0" timestamp="2 Jul 2021 16:27:38 GMT" time="3.063" errors="0">
  <testcase name="HighLightElements" time="3.063" classname="Highlight.HighLightElements"/>
</testsuite> <!-- Highlight.HighLightElements -->
